<?xml version="1.0" encoding="UTF-8"?>
<!-- Generated by org.testng.reporters.JUnitReportReporter -->
<testsuite hostname="LAPTOP-K6JBIRD9" failures="0" tests="1" name="practice.LearnTestNGAnnotations" time="6.554" errors="0" timestamp="2025-08-16T21:23:27 IST" skipped="0">
  <testcase classname="practice.LearnTestNGAnnotations" name="testngAnnotation" time="6.554"/>
</testsuite> <!-- practice.LearnTestNGAnnotations -->
