<?xml version="1.0" encoding="UTF-8"?>
<!-- Generated by org.testng.reporters.JUnitReportReporter -->
<testsuite hostname="LAPTOP-K6JBIRD9" failures="0" tests="1" name="practice.LearnSetPositionTest" time="11.593" errors="0" timestamp="2025-08-16T21:02:13 IST" skipped="0">
  <testcase classname="practice.LearnSetPositionTest" name="test" time="11.593">
    <system-out>
      <![CDATA[Electronics Page Displayed.]]>
    </system-out>
  </testcase> <!-- test -->
  <system-out>
    <![CDATA[Electronics Page Displayed.]]>
  </system-out>
</testsuite> <!-- practice.LearnSetPositionTest -->
